<?xml version="1.0" encoding="UTF-8"?>
<testsuite name="com.modyo.ms.commons.audit.persistence.AuditJpaEntityFactoryTest" tests="3" skipped="0" failures="0" errors="0" timestamp="2020-11-06T23:49:02" hostname="Markus-Breckner.local" time="0.171">
  <properties/>
  <testcase name="create_whenInitialAndNewValueDoNotHaveTheSameType_ThenThrowIllegalArgumentException()" classname="com.modyo.ms.commons.audit.persistence.AuditJpaEntityFactoryTest" time="0.011"/>
  <testcase name="create_withChildAndParentInfo()" classname="com.modyo.ms.commons.audit.persistence.AuditJpaEntityFactoryTest" time="0.157"/>
  <testcase name="create_withOnlyParentInfo()" classname="com.modyo.ms.commons.audit.persistence.AuditJpaEntityFactoryTest" time="0.002"/>
  <system-out><![CDATA[]]></system-out>
  <system-err><![CDATA[]]></system-err>
</testsuite>
